<?xml version="1.0" encoding="UTF-8"?>
<!-- Generated by org.testng.reporters.JUnitReportReporter -->
<testsuite hostname="LAPTOP-V6VACEO9" failures="0" tests="1" name="runner.Runner" time="29.786" errors="0" timestamp="2022-06-05T09:09:37 IST" skipped="0">
  <testcase classname="runner.Runner" name="runScenario" time="29.786"/>
</testsuite> <!-- runner.Runner -->
