<?xml version="1.0" encoding="UTF-8"?>
<!-- Generated by org.testng.reporters.JUnitReportReporter -->
<testsuite hostname="MT-5CD12778G0" failures="0" tests="1" name="utility.Excel1" time="0.441" errors="0" timestamp="2022-05-27T23:25:23 IST" skipped="0">
  <testcase classname="utility.Excel1" name="f" time="0.441"/>
  <system-out/>
</testsuite> <!-- utility.Excel1 -->
