<?xml version="1.0" encoding="UTF-8"?>
<!-- Generated by org.testng.reporters.JUnitReportReporter -->
<testsuite hostname="MT-5CD12778G0" failures="0" tests="1" name="utility.Excel2" time="0.808" errors="0" timestamp="2022-05-28T00:50:44 IST" skipped="0">
  <testcase classname="utility.Excel2" name="f" time="0.808"/>
  <system-out/>
</testsuite> <!-- utility.Excel2 -->
