<?xml version="1.0" encoding="UTF-8"?>
<!-- Generated by org.testng.reporters.JUnitReportReporter -->
<testsuite hostname="LAPTOP-V6VACEO9" failures="0" tests="1" name="runner.Runner" time="34.969" errors="0" timestamp="2022-06-05T09:10:39 IST" skipped="0">
  <testcase classname="runner.Runner" name="runScenario" time="34.969"/>
</testsuite> <!-- runner.Runner -->
